

============================== 20:57:44.319459 | a9f7daed-aff8-4262-94ab-49d05678a720 ==============================
[0m20:57:44.319459 [info ] [MainThread]: Running with dbt=1.7.6
[0m20:57:44.338059 [debug] [MainThread]: running dbt with arguments {'printer_width': '120', 'indirect_selection': 'eager', 'write_json': 'True', 'log_cache_events': 'False', 'partial_parse': 'True', 'cache_selected_only': 'False', 'warn_error': 'None', 'fail_fast': 'False', 'profiles_dir': 'D:\\dbt-folder\\pre_fact_dimensions', 'log_path': 'D:\\dbt-folder\\pre_fact_dimensions\\logs', 'version_check': 'True', 'debug': 'False', 'use_colors': 'True', 'use_experimental_parser': 'False', 'no_print': 'None', 'quiet': 'False', 'warn_error_options': 'WarnErrorOptions(include=[], exclude=[])', 'static_parser': 'True', 'log_format': 'default', 'introspect': 'True', 'target_path': 'None', 'invocation_command': 'dbt debug', 'send_anonymous_usage_stats': 'False'}
[0m20:57:44.339065 [info ] [MainThread]: dbt version: 1.7.6
[0m20:57:44.340065 [info ] [MainThread]: python version: 3.9.0
[0m20:57:44.340065 [info ] [MainThread]: python path: d:\dbt-folder\scripts\python.exe
[0m20:57:44.340065 [info ] [MainThread]: os info: Windows-10-10.0.22621-SP0
[0m20:57:44.343065 [info ] [MainThread]: Using profiles dir at D:\dbt-folder\pre_fact_dimensions
[0m20:57:44.343065 [info ] [MainThread]: Using profiles.yml file at D:\dbt-folder\pre_fact_dimensions\profiles.yml
[0m20:57:44.344065 [info ] [MainThread]: Using dbt_project.yml file at D:\dbt-folder\pre_fact_dimensions\dbt_project.yml
[0m20:57:44.410315 [info ] [MainThread]: Configuration:
[0m20:57:44.410315 [info ] [MainThread]:   profiles.yml file [[31mERROR invalid[0m]
[0m20:57:44.411320 [info ] [MainThread]:   dbt_project.yml file [[32mOK found and valid[0m]
[0m20:57:44.412219 [info ] [MainThread]: Required dependencies:
[0m20:57:44.412219 [debug] [MainThread]: Executing "git --help"
[0m20:57:44.472797 [debug] [MainThread]: STDOUT: "b"usage: git [-v | --version] [-h | --help] [-C <path>] [-c <name>=<value>]\n           [--exec-path[=<path>]] [--html-path] [--man-path] [--info-path]\n           [-p | --paginate | -P | --no-pager] [--no-replace-objects] [--bare]\n           [--git-dir=<path>] [--work-tree=<path>] [--namespace=<name>]\n           [--config-env=<name>=<envvar>] <command> [<args>]\n\nThese are common Git commands used in various situations:\n\nstart a working area (see also: git help tutorial)\n   clone     Clone a repository into a new directory\n   init      Create an empty Git repository or reinitialize an existing one\n\nwork on the current change (see also: git help everyday)\n   add       Add file contents to the index\n   mv        Move or rename a file, a directory, or a symlink\n   restore   Restore working tree files\n   rm        Remove files from the working tree and from the index\n\nexamine the history and state (see also: git help revisions)\n   bisect    Use binary search to find the commit that introduced a bug\n   diff      Show changes between commits, commit and working tree, etc\n   grep      Print lines matching a pattern\n   log       Show commit logs\n   show      Show various types of objects\n   status    Show the working tree status\n\ngrow, mark and tweak your common history\n   branch    List, create, or delete branches\n   commit    Record changes to the repository\n   merge     Join two or more development histories together\n   rebase    Reapply commits on top of another base tip\n   reset     Reset current HEAD to the specified state\n   switch    Switch branches\n   tag       Create, list, delete or verify a tag object signed with GPG\n\ncollaborate (see also: git help workflows)\n   fetch     Download objects and refs from another repository\n   pull      Fetch from and integrate with another repository or a local branch\n   push      Update remote refs along with associated objects\n\n'git help -a' and 'git help -g' list available subcommands and some\nconcept guides. See 'git help <command>' or 'git help <concept>'\nto read about a specific subcommand or concept.\nSee 'git help git' for an overview of the system.\n""
[0m20:57:44.473749 [debug] [MainThread]: STDERR: "b''"
[0m20:57:44.473749 [info ] [MainThread]:  - git [[32mOK found[0m]

[0m20:57:44.473749 [info ] [MainThread]: Connection test skipped since no profile was found
[0m20:57:44.474745 [info ] [MainThread]: [31m1 check failed:[0m
[0m20:57:44.474745 [info ] [MainThread]: Profile loading failed for the following reason:
Runtime Error
  Could not find profile named 'pre_fact_dimensions'


[0m20:57:44.475745 [debug] [MainThread]: Command `dbt debug` failed at 20:57:44.475745 after 0.20 seconds
[0m20:57:44.475745 [debug] [MainThread]: Flushing usage events


============================== 20:58:31.546973 | 574f5557-dd5e-416c-bbad-b8a884567251 ==============================
[0m20:58:31.546973 [info ] [MainThread]: Running with dbt=1.7.6
[0m20:58:31.549978 [debug] [MainThread]: running dbt with arguments {'printer_width': '120', 'indirect_selection': 'eager', 'write_json': 'True', 'log_cache_events': 'False', 'partial_parse': 'True', 'cache_selected_only': 'False', 'warn_error': 'None', 'debug': 'False', 'version_check': 'True', 'log_path': 'D:\\dbt-folder\\pre_fact_dimensions\\logs', 'fail_fast': 'False', 'profiles_dir': 'D:\\dbt-folder\\pre_fact_dimensions', 'use_colors': 'True', 'use_experimental_parser': 'False', 'no_print': 'None', 'quiet': 'False', 'warn_error_options': 'WarnErrorOptions(include=[], exclude=[])', 'introspect': 'True', 'invocation_command': 'dbt debug', 'log_format': 'default', 'target_path': 'None', 'static_parser': 'True', 'send_anonymous_usage_stats': 'False'}
[0m20:58:31.549978 [info ] [MainThread]: dbt version: 1.7.6
[0m20:58:31.550979 [info ] [MainThread]: python version: 3.9.0
[0m20:58:31.550979 [info ] [MainThread]: python path: d:\dbt-folder\scripts\python.exe
[0m20:58:31.550979 [info ] [MainThread]: os info: Windows-10-10.0.22621-SP0
[0m20:58:31.749685 [info ] [MainThread]: Using profiles dir at D:\dbt-folder\pre_fact_dimensions
[0m20:58:31.750685 [info ] [MainThread]: Using profiles.yml file at D:\dbt-folder\pre_fact_dimensions\profiles.yml
[0m20:58:31.750685 [info ] [MainThread]: Using dbt_project.yml file at D:\dbt-folder\pre_fact_dimensions\dbt_project.yml
[0m20:58:31.755686 [info ] [MainThread]: adapter type: postgres
[0m20:58:31.756688 [info ] [MainThread]: adapter version: 1.7.5
[0m20:58:31.821692 [info ] [MainThread]: Configuration:
[0m20:58:31.822688 [info ] [MainThread]:   profiles.yml file [[32mOK found and valid[0m]
[0m20:58:31.822688 [info ] [MainThread]:   dbt_project.yml file [[32mOK found and valid[0m]
[0m20:58:31.823689 [info ] [MainThread]: Required dependencies:
[0m20:58:31.823689 [debug] [MainThread]: Executing "git --help"
[0m20:58:31.856667 [debug] [MainThread]: STDOUT: "b"usage: git [-v | --version] [-h | --help] [-C <path>] [-c <name>=<value>]\n           [--exec-path[=<path>]] [--html-path] [--man-path] [--info-path]\n           [-p | --paginate | -P | --no-pager] [--no-replace-objects] [--bare]\n           [--git-dir=<path>] [--work-tree=<path>] [--namespace=<name>]\n           [--config-env=<name>=<envvar>] <command> [<args>]\n\nThese are common Git commands used in various situations:\n\nstart a working area (see also: git help tutorial)\n   clone     Clone a repository into a new directory\n   init      Create an empty Git repository or reinitialize an existing one\n\nwork on the current change (see also: git help everyday)\n   add       Add file contents to the index\n   mv        Move or rename a file, a directory, or a symlink\n   restore   Restore working tree files\n   rm        Remove files from the working tree and from the index\n\nexamine the history and state (see also: git help revisions)\n   bisect    Use binary search to find the commit that introduced a bug\n   diff      Show changes between commits, commit and working tree, etc\n   grep      Print lines matching a pattern\n   log       Show commit logs\n   show      Show various types of objects\n   status    Show the working tree status\n\ngrow, mark and tweak your common history\n   branch    List, create, or delete branches\n   commit    Record changes to the repository\n   merge     Join two or more development histories together\n   rebase    Reapply commits on top of another base tip\n   reset     Reset current HEAD to the specified state\n   switch    Switch branches\n   tag       Create, list, delete or verify a tag object signed with GPG\n\ncollaborate (see also: git help workflows)\n   fetch     Download objects and refs from another repository\n   pull      Fetch from and integrate with another repository or a local branch\n   push      Update remote refs along with associated objects\n\n'git help -a' and 'git help -g' list available subcommands and some\nconcept guides. See 'git help <command>' or 'git help <concept>'\nto read about a specific subcommand or concept.\nSee 'git help git' for an overview of the system.\n""
[0m20:58:31.857763 [debug] [MainThread]: STDERR: "b''"
[0m20:58:31.857763 [info ] [MainThread]:  - git [[32mOK found[0m]

[0m20:58:31.858760 [info ] [MainThread]: Connection:
[0m20:58:31.858760 [info ] [MainThread]:   host: 10.10.93.2
[0m20:58:31.858760 [info ] [MainThread]:   port: 5432
[0m20:58:31.859666 [info ] [MainThread]:   user: postgres
[0m20:58:31.859666 [info ] [MainThread]:   database: dbt
[0m20:58:31.859666 [info ] [MainThread]:   schema: dbt-dimensions
[0m20:58:31.860667 [info ] [MainThread]:   connect_timeout: 10
[0m20:58:31.860667 [info ] [MainThread]:   role: None
[0m20:58:31.860667 [info ] [MainThread]:   search_path: None
[0m20:58:31.860667 [info ] [MainThread]:   keepalives_idle: 0
[0m20:58:31.861669 [info ] [MainThread]:   sslmode: None
[0m20:58:31.861669 [info ] [MainThread]:   sslcert: None
[0m20:58:31.861669 [info ] [MainThread]:   sslkey: None
[0m20:58:31.862667 [info ] [MainThread]:   sslrootcert: None
[0m20:58:31.862667 [info ] [MainThread]:   application_name: dbt
[0m20:58:31.862667 [info ] [MainThread]:   retries: 1
[0m20:58:31.863665 [info ] [MainThread]: Registered adapter: postgres=1.7.5
[0m20:58:31.864897 [debug] [MainThread]: Acquiring new postgres connection 'debug'
[0m20:58:31.864897 [debug] [MainThread]: Using postgres connection "debug"
[0m20:58:31.865693 [debug] [MainThread]: On debug: select 1 as id
[0m20:58:31.865693 [debug] [MainThread]: Opening a new connection, currently in state init
[0m20:58:31.955453 [debug] [MainThread]: SQL status: SELECT 1 in 0.0 seconds
[0m20:58:31.956545 [debug] [MainThread]: On debug: Close
[0m20:58:31.957534 [info ] [MainThread]:   Connection test: [[32mOK connection ok[0m]

[0m20:58:31.958508 [info ] [MainThread]: [32mAll checks passed![0m
[0m20:58:31.959543 [debug] [MainThread]: Command `dbt debug` succeeded at 20:58:31.958508 after 0.45 seconds
[0m20:58:31.959543 [debug] [MainThread]: Connection 'debug' was properly closed.
[0m20:58:31.959543 [debug] [MainThread]: Flushing usage events


============================== 20:58:41.942473 | e24af71a-545b-4333-b0f2-5d130259bfc5 ==============================
[0m20:58:41.942473 [info ] [MainThread]: Running with dbt=1.7.6
[0m20:58:41.945473 [debug] [MainThread]: running dbt with arguments {'printer_width': '120', 'indirect_selection': 'eager', 'write_json': 'True', 'log_cache_events': 'False', 'partial_parse': 'True', 'cache_selected_only': 'False', 'warn_error': 'None', 'version_check': 'True', 'fail_fast': 'False', 'log_path': 'D:\\dbt-folder\\pre_fact_dimensions\\logs', 'profiles_dir': 'D:\\dbt-folder\\pre_fact_dimensions', 'debug': 'False', 'use_colors': 'True', 'use_experimental_parser': 'False', 'no_print': 'None', 'quiet': 'False', 'warn_error_options': 'WarnErrorOptions(include=[], exclude=[])', 'introspect': 'True', 'log_format': 'default', 'invocation_command': 'dbt run', 'target_path': 'None', 'static_parser': 'True', 'send_anonymous_usage_stats': 'False'}
[0m20:58:42.381325 [info ] [MainThread]: Registered adapter: postgres=1.7.5
[0m20:58:42.397343 [debug] [MainThread]: checksum: d62e513342251256fdf8c77c78ccf3e0bf76720e6e4e8384a98b7479399def9a, vars: {}, profile: , target: , version: 1.7.6
[0m20:58:42.397343 [info ] [MainThread]: Unable to do partial parsing because saved manifest not found. Starting full parse.
[0m20:58:44.177960 [warn ] [MainThread]: [[33mWARNING[0m]: Configuration paths exist in your dbt_project.yml file which do not apply to any resources.
There are 1 unused configuration paths:
- models.pre_fact_dimensions.example
[0m20:58:44.210332 [info ] [MainThread]: Found 1 model, 2 sources, 0 exposures, 0 metrics, 401 macros, 0 groups, 0 semantic models
[0m20:58:44.213335 [info ] [MainThread]: 
[0m20:58:44.215326 [debug] [MainThread]: Acquiring new postgres connection 'master'
[0m20:58:44.217326 [debug] [ThreadPool]: Acquiring new postgres connection 'list_dbt'
[0m20:58:44.235741 [debug] [ThreadPool]: Using postgres connection "list_dbt"
[0m20:58:44.237662 [debug] [ThreadPool]: On list_dbt: /* {"app": "dbt", "dbt_version": "1.7.6", "profile_name": "pre_fact_dimensions", "target_name": "dev", "connection_name": "list_dbt"} */

    select distinct nspname from pg_namespace
  
[0m20:58:44.238651 [debug] [ThreadPool]: Opening a new connection, currently in state init
[0m20:58:44.279994 [debug] [ThreadPool]: SQL status: SELECT 9 in 0.0 seconds
[0m20:58:44.281991 [debug] [ThreadPool]: On list_dbt: Close
[0m20:58:44.284802 [debug] [ThreadPool]: Acquiring new postgres connection 'list_dbt_dbt-dimensions'
[0m20:58:44.295531 [debug] [ThreadPool]: Using postgres connection "list_dbt_dbt-dimensions"
[0m20:58:44.296574 [debug] [ThreadPool]: On list_dbt_dbt-dimensions: BEGIN
[0m20:58:44.297104 [debug] [ThreadPool]: Opening a new connection, currently in state init
[0m20:58:44.330311 [debug] [ThreadPool]: SQL status: BEGIN in 0.0 seconds
[0m20:58:44.330842 [debug] [ThreadPool]: Using postgres connection "list_dbt_dbt-dimensions"
[0m20:58:44.331373 [debug] [ThreadPool]: On list_dbt_dbt-dimensions: /* {"app": "dbt", "dbt_version": "1.7.6", "profile_name": "pre_fact_dimensions", "target_name": "dev", "connection_name": "list_dbt_dbt-dimensions"} */
select
      'dbt' as database,
      tablename as name,
      schemaname as schema,
      'table' as type
    from pg_tables
    where schemaname ilike 'dbt-dimensions'
    union all
    select
      'dbt' as database,
      viewname as name,
      schemaname as schema,
      'view' as type
    from pg_views
    where schemaname ilike 'dbt-dimensions'
    union all
    select
      'dbt' as database,
      matviewname as name,
      schemaname as schema,
      'materialized_view' as type
    from pg_matviews
    where schemaname ilike 'dbt-dimensions'
  
[0m20:58:44.345109 [debug] [ThreadPool]: SQL status: SELECT 4 in 0.0 seconds
[0m20:58:44.347309 [debug] [ThreadPool]: On list_dbt_dbt-dimensions: ROLLBACK
[0m20:58:44.350470 [debug] [ThreadPool]: On list_dbt_dbt-dimensions: Close
[0m20:58:44.359095 [debug] [MainThread]: Using postgres connection "master"
[0m20:58:44.359822 [debug] [MainThread]: On master: BEGIN
[0m20:58:44.360393 [debug] [MainThread]: Opening a new connection, currently in state init
[0m20:58:44.395430 [debug] [MainThread]: SQL status: BEGIN in 0.0 seconds
[0m20:58:44.396440 [debug] [MainThread]: Using postgres connection "master"
[0m20:58:44.397442 [debug] [MainThread]: On master: /* {"app": "dbt", "dbt_version": "1.7.6", "profile_name": "pre_fact_dimensions", "target_name": "dev", "connection_name": "master"} */
with relation as (
        select
            pg_rewrite.ev_class as class,
            pg_rewrite.oid as id
        from pg_rewrite
    ),
    class as (
        select
            oid as id,
            relname as name,
            relnamespace as schema,
            relkind as kind
        from pg_class
    ),
    dependency as (
        select distinct
            pg_depend.objid as id,
            pg_depend.refobjid as ref
        from pg_depend
    ),
    schema as (
        select
            pg_namespace.oid as id,
            pg_namespace.nspname as name
        from pg_namespace
        where nspname != 'information_schema' and nspname not like 'pg\_%'
    ),
    referenced as (
        select
            relation.id AS id,
            referenced_class.name ,
            referenced_class.schema ,
            referenced_class.kind
        from relation
        join class as referenced_class on relation.class=referenced_class.id
        where referenced_class.kind in ('r', 'v', 'm')
    ),
    relationships as (
        select
            referenced.name as referenced_name,
            referenced.schema as referenced_schema_id,
            dependent_class.name as dependent_name,
            dependent_class.schema as dependent_schema_id,
            referenced.kind as kind
        from referenced
        join dependency on referenced.id=dependency.id
        join class as dependent_class on dependency.ref=dependent_class.id
        where
            (referenced.name != dependent_class.name or
             referenced.schema != dependent_class.schema)
    )

    select
        referenced_schema.name as referenced_schema,
        relationships.referenced_name as referenced_name,
        dependent_schema.name as dependent_schema,
        relationships.dependent_name as dependent_name
    from relationships
    join schema as dependent_schema on relationships.dependent_schema_id=dependent_schema.id
    join schema as referenced_schema on relationships.referenced_schema_id=referenced_schema.id
    group by referenced_schema, referenced_name, dependent_schema, dependent_name
    order by referenced_schema, referenced_name, dependent_schema, dependent_name;
[0m20:58:44.463429 [debug] [MainThread]: SQL status: SELECT 0 in 0.0 seconds
[0m20:58:44.464418 [debug] [MainThread]: On master: ROLLBACK
[0m20:58:44.468416 [debug] [MainThread]: Using postgres connection "master"
[0m20:58:44.468416 [debug] [MainThread]: On master: BEGIN
[0m20:58:44.474431 [debug] [MainThread]: SQL status: BEGIN in 0.0 seconds
[0m20:58:44.474431 [debug] [MainThread]: On master: COMMIT
[0m20:58:44.475433 [debug] [MainThread]: Using postgres connection "master"
[0m20:58:44.475433 [debug] [MainThread]: On master: COMMIT
[0m20:58:44.478437 [debug] [MainThread]: SQL status: COMMIT in 0.0 seconds
[0m20:58:44.478437 [debug] [MainThread]: On master: Close
[0m20:58:44.479431 [info ] [MainThread]: Concurrency: 1 threads (target='dev')
[0m20:58:44.479431 [info ] [MainThread]: 
[0m20:58:44.488415 [debug] [Thread-1  ]: Began running node model.pre_fact_dimensions.profiles_dimension
[0m20:58:44.489413 [info ] [Thread-1  ]: 1 of 1 START sql table model dbt-dimensions.profiles_dimension ......................................................... [RUN]
[0m20:58:44.490413 [debug] [Thread-1  ]: Acquiring new postgres connection 'model.pre_fact_dimensions.profiles_dimension'
[0m20:58:44.490413 [debug] [Thread-1  ]: Began compiling node model.pre_fact_dimensions.profiles_dimension
[0m20:58:44.498431 [debug] [Thread-1  ]: Writing injected SQL for node "model.pre_fact_dimensions.profiles_dimension"
[0m20:58:44.500431 [debug] [Thread-1  ]: Timing info for model.pre_fact_dimensions.profiles_dimension (compile): 20:58:44.490413 => 20:58:44.499416
[0m20:58:44.500431 [debug] [Thread-1  ]: Began executing node model.pre_fact_dimensions.profiles_dimension
[0m20:58:44.538496 [debug] [Thread-1  ]: Writing runtime sql for node "model.pre_fact_dimensions.profiles_dimension"
[0m20:58:44.540501 [debug] [Thread-1  ]: Using postgres connection "model.pre_fact_dimensions.profiles_dimension"
[0m20:58:44.541499 [debug] [Thread-1  ]: On model.pre_fact_dimensions.profiles_dimension: BEGIN
[0m20:58:44.541499 [debug] [Thread-1  ]: Opening a new connection, currently in state init
[0m20:58:44.577478 [debug] [Thread-1  ]: SQL status: BEGIN in 0.0 seconds
[0m20:58:44.578490 [debug] [Thread-1  ]: Using postgres connection "model.pre_fact_dimensions.profiles_dimension"
[0m20:58:44.579489 [debug] [Thread-1  ]: On model.pre_fact_dimensions.profiles_dimension: /* {"app": "dbt", "dbt_version": "1.7.6", "profile_name": "pre_fact_dimensions", "target_name": "dev", "node_id": "model.pre_fact_dimensions.profiles_dimension"} */

  
    

  create  table "dbt"."dbt-dimensions"."profiles_dimension__dbt_tmp"
  
  
    as
  
  (
    -- models/profiles_dimension.sql



SELECT
    wp.walletprofileid,
    wp.partnerid,

    (wp.createdat::timestamptz AT TIME ZONE 'UTC' + INTERVAL '2 hours') as profile_createdat_utc2,
    (wp.updatedat::timestamptz AT TIME ZONE 'UTC' + INTERVAL '2 hours') as profile_modifiedat_utc2,
    (wp.deletedat::timestamptz AT TIME ZONE 'UTC' + INTERVAL '2 hours') as profile_deletedat_utc2,

    wp.type as profile_type,
    p.partnernameen as partner_name,
    activeflag as partner_isactive,

    (p.createdat::timestamptz AT TIME ZONE 'UTC' + INTERVAL '2 hours') as partner_createdat_utc2,
    (p.lastmodifiedat::timestamptz AT TIME ZONE 'UTC' + INTERVAL '2 hours') as partner_modifiedat_utc2,
    (p.deletedat::timestamptz AT TIME ZONE 'UTC' + INTERVAL '2 hours') as partner_deletedat_utc2,


    (now()::timestamptz AT TIME ZONE 'UTC' + INTERVAL '2 hours') as loaddate,
    null::timestamptz as expdate,
    true::boolean as currentflag

FROM "dbt"."axis_core"."walletprofiles" wp
LEFT JOIN "dbt"."axis_kyc"."partner" p on wp.partnerid = p.partnerid
  );
  
[0m20:58:44.592562 [debug] [Thread-1  ]: SQL status: SELECT 18 in 0.0 seconds
[0m20:58:44.607629 [debug] [Thread-1  ]: Using postgres connection "model.pre_fact_dimensions.profiles_dimension"
[0m20:58:44.608655 [debug] [Thread-1  ]: On model.pre_fact_dimensions.profiles_dimension: /* {"app": "dbt", "dbt_version": "1.7.6", "profile_name": "pre_fact_dimensions", "target_name": "dev", "node_id": "model.pre_fact_dimensions.profiles_dimension"} */
alter table "dbt"."dbt-dimensions"."profiles_dimension__dbt_tmp" rename to "profiles_dimension"
[0m20:58:44.612662 [debug] [Thread-1  ]: SQL status: ALTER TABLE in 0.0 seconds
[0m20:58:44.631760 [debug] [Thread-1  ]: On model.pre_fact_dimensions.profiles_dimension: COMMIT
[0m20:58:44.632675 [debug] [Thread-1  ]: Using postgres connection "model.pre_fact_dimensions.profiles_dimension"
[0m20:58:44.632675 [debug] [Thread-1  ]: On model.pre_fact_dimensions.profiles_dimension: COMMIT
[0m20:58:44.638275 [debug] [Thread-1  ]: SQL status: COMMIT in 0.0 seconds
[0m20:58:44.645351 [debug] [Thread-1  ]: Applying DROP to: "dbt"."dbt-dimensions"."profiles_dimension__dbt_backup"
[0m20:58:44.649278 [debug] [Thread-1  ]: Using postgres connection "model.pre_fact_dimensions.profiles_dimension"
[0m20:58:44.649278 [debug] [Thread-1  ]: On model.pre_fact_dimensions.profiles_dimension: /* {"app": "dbt", "dbt_version": "1.7.6", "profile_name": "pre_fact_dimensions", "target_name": "dev", "node_id": "model.pre_fact_dimensions.profiles_dimension"} */
drop table if exists "dbt"."dbt-dimensions"."profiles_dimension__dbt_backup" cascade
[0m20:58:44.654280 [debug] [Thread-1  ]: SQL status: DROP TABLE in 0.0 seconds
[0m20:58:44.656272 [debug] [Thread-1  ]: Timing info for model.pre_fact_dimensions.profiles_dimension (execute): 20:58:44.501437 => 20:58:44.656272
[0m20:58:44.656272 [debug] [Thread-1  ]: On model.pre_fact_dimensions.profiles_dimension: Close
[0m20:58:44.657386 [info ] [Thread-1  ]: 1 of 1 OK created sql table model dbt-dimensions.profiles_dimension .................................................... [[32mSELECT 18[0m in 0.17s]
[0m20:58:44.658389 [debug] [Thread-1  ]: Finished running node model.pre_fact_dimensions.profiles_dimension
[0m20:58:44.660273 [debug] [MainThread]: Using postgres connection "master"
[0m20:58:44.660273 [debug] [MainThread]: On master: BEGIN
[0m20:58:44.661363 [debug] [MainThread]: Opening a new connection, currently in state closed
[0m20:58:44.703457 [debug] [MainThread]: SQL status: BEGIN in 0.0 seconds
[0m20:58:44.705349 [debug] [MainThread]: On master: COMMIT
[0m20:58:44.705349 [debug] [MainThread]: Using postgres connection "master"
[0m20:58:44.706353 [debug] [MainThread]: On master: COMMIT
[0m20:58:44.709357 [debug] [MainThread]: SQL status: COMMIT in 0.0 seconds
[0m20:58:44.710351 [debug] [MainThread]: On master: Close
[0m20:58:44.711454 [debug] [MainThread]: Connection 'master' was properly closed.
[0m20:58:44.711454 [debug] [MainThread]: Connection 'list_dbt' was properly closed.
[0m20:58:44.711454 [debug] [MainThread]: Connection 'list_dbt_dbt-dimensions' was properly closed.
[0m20:58:44.712442 [debug] [MainThread]: Connection 'model.pre_fact_dimensions.profiles_dimension' was properly closed.
[0m20:58:44.712442 [info ] [MainThread]: 
[0m20:58:44.712442 [info ] [MainThread]: Finished running 1 table model in 0 hours 0 minutes and 0.50 seconds (0.50s).
[0m20:58:44.713473 [debug] [MainThread]: Command end result
[0m20:58:44.720380 [info ] [MainThread]: 
[0m20:58:44.722360 [info ] [MainThread]: [32mCompleted successfully[0m
[0m20:58:44.723353 [info ] [MainThread]: 
[0m20:58:44.724355 [info ] [MainThread]: Done. PASS=1 WARN=0 ERROR=0 SKIP=0 TOTAL=1
[0m20:58:44.725349 [debug] [MainThread]: Command `dbt run` succeeded at 20:58:44.725349 after 2.82 seconds
[0m20:58:44.726445 [debug] [MainThread]: Flushing usage events
